2023-10-13 15:47:42: - ready started server on [::]:4201, url: http://localhost:4201
2023-10-13 15:47:43: - [36minfo[39m Loaded env from C:\Users\user\Documents\oogiri-frontpage-next\.env.production.local
2023-10-13 15:47:43: - [36minfo[39m Loaded env from C:\Users\user\Documents\oogiri-frontpage-next\.env.production
2023-10-13 15:47:43: - [36minfo[39m Loaded env from C:\Users\user\Documents\oogiri-frontpage-next\.env
2023-10-13 15:47:43: - [36minfo[39m Loaded env from C:\Users\user\Documents\oogiri-frontpage-next\.env.production.local
2023-10-13 15:47:43: - [36minfo[39m Loaded env from C:\Users\user\Documents\oogiri-frontpage-next\.env.production
2023-10-13 15:47:43: - [36minfo[39m Loaded env from C:\Users\user\Documents\oogiri-frontpage-next\.env
2023-10-13 15:49:24: - ready started server on [::]:4202, url: http://localhost:4202
2023-10-13 15:49:25: - [36minfo[39m Loaded env from C:\Users\user\Documents\oogiri-frontpage-next\.env.production.local
2023-10-13 15:49:25: - [36minfo[39m Loaded env from C:\Users\user\Documents\oogiri-frontpage-next\.env.production
2023-10-13 15:49:25: - [36minfo[39m Loaded env from C:\Users\user\Documents\oogiri-frontpage-next\.env
2023-10-13 15:49:25: - [36minfo[39m Loaded env from C:\Users\user\Documents\oogiri-frontpage-next\.env.production.local
2023-10-13 15:49:25: - [36minfo[39m Loaded env from C:\Users\user\Documents\oogiri-frontpage-next\.env.production
2023-10-13 15:49:25: - [36minfo[39m Loaded env from C:\Users\user\Documents\oogiri-frontpage-next\.env
2023-10-13 15:49:31: - warn You are using a non-standard "NODE_ENV" value in your environment. This creates inconsistencies in the project and is strongly advised against. Read more: https://nextjs.org/docs/messages/non-standard-node-env
2023-10-13 15:49:32: - ready started server on [::]:4201, url: http://localhost:4201
2023-10-13 15:49:33: - [33mwarn[39m You are using a non-standard "NODE_ENV" value in your environment. This creates inconsistencies in the project and is strongly advised against. Read more: https://nextjs.org/docs/messages/non-standard-node-env
2023-10-13 15:49:33: - [36minfo[39m Loaded env from C:\Users\user\Documents\oogiri-frontpage-next\.env.production.local
2023-10-13 15:49:33: - [36minfo[39m Loaded env from C:\Users\user\Documents\oogiri-frontpage-next\.env.production
2023-10-13 15:49:33: - [36minfo[39m Loaded env from C:\Users\user\Documents\oogiri-frontpage-next\.env
2023-10-13 15:49:33: - [33mwarn[39m You are using a non-standard "NODE_ENV" value in your environment. This creates inconsistencies in the project and is strongly advised against. Read more: https://nextjs.org/docs/messages/non-standard-node-env
2023-10-13 15:49:33: - [36minfo[39m Loaded env from C:\Users\user\Documents\oogiri-frontpage-next\.env.production.local
2023-10-13 15:49:33: - [36minfo[39m Loaded env from C:\Users\user\Documents\oogiri-frontpage-next\.env.production
2023-10-13 15:49:33: - [36minfo[39m Loaded env from C:\Users\user\Documents\oogiri-frontpage-next\.env
2023-10-13 15:49:42: - ready started server on [::]:4202, url: http://localhost:4202
2023-10-13 15:49:43: - [36minfo[39m Loaded env from C:\Users\user\Documents\oogiri-frontpage-next\.env.production.local
2023-10-13 15:49:43: - [36minfo[39m Loaded env from C:\Users\user\Documents\oogiri-frontpage-next\.env.production
2023-10-13 15:49:43: - [36minfo[39m Loaded env from C:\Users\user\Documents\oogiri-frontpage-next\.env
2023-10-13 15:49:43: - [36minfo[39m Loaded env from C:\Users\user\Documents\oogiri-frontpage-next\.env.production.local
2023-10-13 15:49:43: - [36minfo[39m Loaded env from C:\Users\user\Documents\oogiri-frontpage-next\.env.production
2023-10-13 15:49:43: - [36minfo[39m Loaded env from C:\Users\user\Documents\oogiri-frontpage-next\.env
2023-10-13 15:52:08: - warn You are using a non-standard "NODE_ENV" value in your environment. This creates inconsistencies in the project and is strongly advised against. Read more: https://nextjs.org/docs/messages/non-standard-node-env
2023-10-13 15:52:09: - ready started server on [::]:4201, url: http://localhost:4201
2023-10-13 15:52:09: - [33mwarn[39m You are using a non-standard "NODE_ENV" value in your environment. This creates inconsistencies in the project and is strongly advised against. Read more: https://nextjs.org/docs/messages/non-standard-node-env
2023-10-13 15:52:10: - [36minfo[39m Loaded env from C:\Users\user\Documents\oogiri-frontpage-next\.env.production.local
2023-10-13 15:52:10: - [36minfo[39m Loaded env from C:\Users\user\Documents\oogiri-frontpage-next\.env.production
2023-10-13 15:52:10: - [36minfo[39m Loaded env from C:\Users\user\Documents\oogiri-frontpage-next\.env
2023-10-13 15:52:10: - [33mwarn[39m You are using a non-standard "NODE_ENV" value in your environment. This creates inconsistencies in the project and is strongly advised against. Read more: https://nextjs.org/docs/messages/non-standard-node-env
2023-10-13 15:52:10: - [36minfo[39m Loaded env from C:\Users\user\Documents\oogiri-frontpage-next\.env.production.local
2023-10-13 15:52:10: - [36minfo[39m Loaded env from C:\Users\user\Documents\oogiri-frontpage-next\.env.production
2023-10-13 15:52:10: - [36minfo[39m Loaded env from C:\Users\user\Documents\oogiri-frontpage-next\.env
2023-10-13 15:54:17: - ready started server on [::]:4202, url: http://localhost:4202
2023-10-13 15:54:18: - [36minfo[39m Loaded env from C:\Users\user\Documents\oogiri-frontpage-next\.env.production.local
2023-10-13 15:54:18: - [36minfo[39m Loaded env from C:\Users\user\Documents\oogiri-frontpage-next\.env.production
2023-10-13 15:54:18: - [36minfo[39m Loaded env from C:\Users\user\Documents\oogiri-frontpage-next\.env
2023-10-13 15:54:18: - [36minfo[39m Loaded env from C:\Users\user\Documents\oogiri-frontpage-next\.env.production.local
2023-10-13 15:54:18: - [36minfo[39m Loaded env from C:\Users\user\Documents\oogiri-frontpage-next\.env.production
2023-10-13 15:54:18: - [36minfo[39m Loaded env from C:\Users\user\Documents\oogiri-frontpage-next\.env
2023-10-13 16:02:28: - ready started server on [::]:4200, url: http://localhost:4200
2023-10-13 16:02:29: - [36minfo[39m Loaded env from C:\Users\user\Documents\oogiri-frontpage-next\.env.production.local
2023-10-13 16:02:29: - [36minfo[39m Loaded env from C:\Users\user\Documents\oogiri-frontpage-next\.env.production
2023-10-13 16:02:29: - [36minfo[39m Loaded env from C:\Users\user\Documents\oogiri-frontpage-next\.env
2023-10-13 16:02:29: - [36minfo[39m Loaded env from C:\Users\user\Documents\oogiri-frontpage-next\.env.production.local
2023-10-13 16:02:29: - [36minfo[39m Loaded env from C:\Users\user\Documents\oogiri-frontpage-next\.env.production
2023-10-13 16:02:29: - [36minfo[39m Loaded env from C:\Users\user\Documents\oogiri-frontpage-next\.env
2023-10-13 16:08:05: 🚀 ~ file: bannerContents.js:15 ~ getBanners ~ response: [
2023-10-13 16:08:05:   {
2023-10-13 16:08:05:     _id: [32m'6503cf80f9aa48ab3852952c'[39m,
2023-10-13 16:08:05:     name: [32m'大Banner'[39m,
2023-10-13 16:08:05:     sort: [33m2[39m,
2023-10-13 16:08:05:     hyperlink: [32m''[39m,
2023-10-13 16:08:05:     contentImagePath: [32m'http://10.88.0.106:4200/saved_image/banner/content/imagefile-1694748955416.png'[39m
2023-10-13 16:08:05:   },
2023-10-13 16:08:05:   {
2023-10-13 16:08:05:     _id: [32m'64ccd2d058bac2b75af6a27c'[39m,
2023-10-13 16:08:05:     name: [32m'string'[39m,
2023-10-13 16:08:05:     sort: [33m3[39m,
2023-10-13 16:08:05:     hyperlink: [32m'https://www.musense.tw'[39m,
2023-10-13 16:08:05:     contentImagePath: [32m'http://10.88.0.106:4200/saved_image/banner/content/runnerimage0-1692170317657.jpeg'[39m
2023-10-13 16:08:05:   },
2023-10-13 16:08:05:   {
2023-10-13 16:08:05:     _id: [32m'650ba1533a36d3feafe0dd5b'[39m,
2023-10-13 16:08:05:     name: [32m'影片測試2'[39m,
2023-10-13 16:08:05:     sort: [33m5[39m,
2023-10-13 16:08:05:     hyperlink: [32m'http://www.google.com'[39m,
2023-10-13 16:08:05:     contentImagePath: [32m'https://www.youtube.com/embed/YcHwl_y2l_o?feature=oembed'[39m
2023-10-13 16:08:05:   },
2023-10-13 16:08:05:   {
2023-10-13 16:08:05:     _id: [32m'650be0cc427aa44d86ea1e61'[39m,
2023-10-13 16:08:05:     name: [32m'短影片測試'[39m,
2023-10-13 16:08:05:     sort: [33m6[39m,
2023-10-13 16:08:05:     hyperlink: [32m'https://www.musense.tw'[39m,
2023-10-13 16:08:05:     contentImagePath: [32m'https://www.youtube.com/embed/FAyKDaXEAgc?feature=oembed'[39m
2023-10-13 16:08:05:   }
2023-10-13 16:08:05: ]
2023-10-13 16:08:05: 🚀 ~ file: Banner.jsx:15 ~ Banner ~ bannerList: [
2023-10-13 16:08:05:   {
2023-10-13 16:08:05:     _id: [32m'6503cf80f9aa48ab3852952c'[39m,
2023-10-13 16:08:05:     name: [32m'大Banner'[39m,
2023-10-13 16:08:05:     sort: [33m2[39m,
2023-10-13 16:08:05:     hyperlink: [32m''[39m,
2023-10-13 16:08:05:     contentImagePath: [32m'http://10.88.0.106:4200/saved_image/banner/content/imagefile-1694748955416.png'[39m
2023-10-13 16:08:05:   },
2023-10-13 16:08:05:   {
2023-10-13 16:08:05:     _id: [32m'64ccd2d058bac2b75af6a27c'[39m,
2023-10-13 16:08:05:     name: [32m'string'[39m,
2023-10-13 16:08:05:     sort: [33m3[39m,
2023-10-13 16:08:05:     hyperlink: [32m'https://www.musense.tw'[39m,
2023-10-13 16:08:05:     contentImagePath: [32m'http://10.88.0.106:4200/saved_image/banner/content/runnerimage0-1692170317657.jpeg'[39m
2023-10-13 16:08:05:   },
2023-10-13 16:08:05:   {
2023-10-13 16:08:05:     _id: [32m'650ba1533a36d3feafe0dd5b'[39m,
2023-10-13 16:08:05:     name: [32m'影片測試2'[39m,
2023-10-13 16:08:05:     sort: [33m5[39m,
2023-10-13 16:08:05:     hyperlink: [32m'http://www.google.com'[39m,
2023-10-13 16:08:05:     contentImagePath: [32m'https://www.youtube.com/embed/YcHwl_y2l_o?feature=oembed'[39m
2023-10-13 16:08:05:   },
2023-10-13 16:08:05:   {
2023-10-13 16:08:05:     _id: [32m'650be0cc427aa44d86ea1e61'[39m,
2023-10-13 16:08:05:     name: [32m'短影片測試'[39m,
2023-10-13 16:08:05:     sort: [33m6[39m,
2023-10-13 16:08:05:     hyperlink: [32m'https://www.musense.tw'[39m,
2023-10-13 16:08:05:     contentImagePath: [32m'https://www.youtube.com/embed/FAyKDaXEAgc?feature=oembed'[39m
2023-10-13 16:08:05:   }
2023-10-13 16:08:05: ]
2023-10-13 16:08:05: 🚀 ~ file: footerLayout.jsx:6 ~ FooterLayout ~ pathname: 
2023-10-13 16:19:54: - warn You are using a non-standard "NODE_ENV" value in your environment. This creates inconsistencies in the project and is strongly advised against. Read more: https://nextjs.org/docs/messages/non-standard-node-env
2023-10-13 16:19:55: - ready started server on [::]:4200, url: http://localhost:4200
2023-10-13 16:19:56: - [33mwarn[39m You are using a non-standard "NODE_ENV" value in your environment. This creates inconsistencies in the project and is strongly advised against. Read more: https://nextjs.org/docs/messages/non-standard-node-env
2023-10-13 16:19:56: - [36minfo[39m Loaded env from C:\Users\user\Documents\oogiri-frontpage-next\.env.production.local
2023-10-13 16:19:56: - [36minfo[39m Loaded env from C:\Users\user\Documents\oogiri-frontpage-next\.env.production
2023-10-13 16:19:56: - [36minfo[39m Loaded env from C:\Users\user\Documents\oogiri-frontpage-next\.env
2023-10-13 16:19:56: - [33mwarn[39m You are using a non-standard "NODE_ENV" value in your environment. This creates inconsistencies in the project and is strongly advised against. Read more: https://nextjs.org/docs/messages/non-standard-node-env
2023-10-13 16:19:56: - [36minfo[39m Loaded env from C:\Users\user\Documents\oogiri-frontpage-next\.env.production.local
2023-10-13 16:19:56: - [36minfo[39m Loaded env from C:\Users\user\Documents\oogiri-frontpage-next\.env.production
2023-10-13 16:19:56: - [36minfo[39m Loaded env from C:\Users\user\Documents\oogiri-frontpage-next\.env
2023-10-13 16:20:36: 🚀 ~ file: bannerContents.js:15 ~ getBanners ~ response: [
2023-10-13 16:20:36:   {
2023-10-13 16:20:36:     _id: [32m'650cff91ba571ac73fc73cfb'[39m,
2023-10-13 16:20:36:     name: [32m'oogiri'[39m,
2023-10-13 16:20:36:     sort: [33m1[39m,
2023-10-13 16:20:36:     hyperlink: [32m'https://www.mobile01.com/'[39m,
2023-10-13 16:20:36:     contentImagePath: [32m'http://uat-apidb.oogiriinfo.com/home/saved_image/banner/content/imagefile-1695350673270.png'[39m
2023-10-13 16:20:36:   },
2023-10-13 16:20:36:   {
2023-10-13 16:20:36:     _id: [32m'650cffbbba571ac73fc73d02'[39m,
2023-10-13 16:20:36:     name: [32m'影片測試'[39m,
2023-10-13 16:20:36:     sort: [33m2[39m,
2023-10-13 16:20:36:     hyperlink: [32m'https://www.musense.tw'[39m,
2023-10-13 16:20:36:     contentImagePath: [32m'https://www.youtube.com/embed/FAyKDaXEAgc?feature=oembed'[39m
2023-10-13 16:20:36:   },
2023-10-13 16:20:36:   {
2023-10-13 16:20:36:     _id: [32m'650cffe7ba571ac73fc73d09'[39m,
2023-10-13 16:20:36:     name: [32m'長影片測試'[39m,
2023-10-13 16:20:36:     sort: [33m3[39m,
2023-10-13 16:20:36:     hyperlink: [32m'https://www.musense.tw'[39m,
2023-10-13 16:20:36:     contentImagePath: [32m'https://www.youtube.com/embed/tRO_TxWD33A?feature=oembed'[39m
2023-10-13 16:20:36:   }
2023-10-13 16:20:36: ]
2023-10-13 16:20:36: 🚀 ~ file: Banner.jsx:15 ~ Banner ~ bannerList: [
2023-10-13 16:20:36:   {
2023-10-13 16:20:36:     _id: [32m'650cff91ba571ac73fc73cfb'[39m,
2023-10-13 16:20:36:     name: [32m'oogiri'[39m,
2023-10-13 16:20:36:     sort: [33m1[39m,
2023-10-13 16:20:36:     hyperlink: [32m'https://www.mobile01.com/'[39m,
2023-10-13 16:20:36:     contentImagePath: [32m'http://uat-apidb.oogiriinfo.com/home/saved_image/banner/content/imagefile-1695350673270.png'[39m
2023-10-13 16:20:36:   },
2023-10-13 16:20:36:   {
2023-10-13 16:20:36:     _id: [32m'650cffbbba571ac73fc73d02'[39m,
2023-10-13 16:20:36:     name: [32m'影片測試'[39m,
2023-10-13 16:20:36:     sort: [33m2[39m,
2023-10-13 16:20:36:     hyperlink: [32m'https://www.musense.tw'[39m,
2023-10-13 16:20:36:     contentImagePath: [32m'https://www.youtube.com/embed/FAyKDaXEAgc?feature=oembed'[39m
2023-10-13 16:20:36:   },
2023-10-13 16:20:36:   {
2023-10-13 16:20:36:     _id: [32m'650cffe7ba571ac73fc73d09'[39m,
2023-10-13 16:20:36:     name: [32m'長影片測試'[39m,
2023-10-13 16:20:36:     sort: [33m3[39m,
2023-10-13 16:20:36:     hyperlink: [32m'https://www.musense.tw'[39m,
2023-10-13 16:20:36:     contentImagePath: [32m'https://www.youtube.com/embed/tRO_TxWD33A?feature=oembed'[39m
2023-10-13 16:20:36:   }
2023-10-13 16:20:36: ]
2023-10-13 16:20:36: 🚀 ~ file: footerLayout.jsx:6 ~ FooterLayout ~ pathname: 
2023-10-13 16:21:29: - warn You are using a non-standard "NODE_ENV" value in your environment. This creates inconsistencies in the project and is strongly advised against. Read more: https://nextjs.org/docs/messages/non-standard-node-env
2023-10-13 16:21:30: - ready started server on [::]:4200, url: http://localhost:4200
2023-10-13 16:21:31: - [33mwarn[39m You are using a non-standard "NODE_ENV" value in your environment. This creates inconsistencies in the project and is strongly advised against. Read more: https://nextjs.org/docs/messages/non-standard-node-env
2023-10-13 16:21:31: - [36minfo[39m Loaded env from C:\Users\user\Documents\oogiri-frontpage-next\.env.production.local
2023-10-13 16:21:31: - [36minfo[39m Loaded env from C:\Users\user\Documents\oogiri-frontpage-next\.env.production
2023-10-13 16:21:31: - [36minfo[39m Loaded env from C:\Users\user\Documents\oogiri-frontpage-next\.env
2023-10-13 16:21:31: - [33mwarn[39m You are using a non-standard "NODE_ENV" value in your environment. This creates inconsistencies in the project and is strongly advised against. Read more: https://nextjs.org/docs/messages/non-standard-node-env
2023-10-13 16:21:31: - [36minfo[39m Loaded env from C:\Users\user\Documents\oogiri-frontpage-next\.env.production.local
2023-10-13 16:21:31: - [36minfo[39m Loaded env from C:\Users\user\Documents\oogiri-frontpage-next\.env.production
2023-10-13 16:21:31: - [36minfo[39m Loaded env from C:\Users\user\Documents\oogiri-frontpage-next\.env
2023-10-13 16:21:32: 🚀 ~ file: bannerContents.js:15 ~ getBanners ~ response: [
2023-10-13 16:21:32:   {
2023-10-13 16:21:32:     _id: [32m'651b7f6844f2a4b00d1ee39a'[39m,
2023-10-13 16:21:32:     name: [32m'BLACK JACK大BANNER'[39m,
2023-10-13 16:21:32:     sort: [33m1[39m,
2023-10-13 16:21:32:     hyperlink: [32m''[39m,
2023-10-13 16:21:32:     contentImagePath: [32m'https://bd.oogiriinfo.com/home/saved_image/banner/content/imagefile-1696300904205.png'[39m
2023-10-13 16:21:32:   }
2023-10-13 16:21:32: ]
2023-10-13 16:21:33: 🚀 ~ file: Banner.jsx:15 ~ Banner ~ bannerList: [
2023-10-13 16:21:33:   {
2023-10-13 16:21:33:     _id: [32m'651b7f6844f2a4b00d1ee39a'[39m,
2023-10-13 16:21:33:     name: [32m'BLACK JACK大BANNER'[39m,
2023-10-13 16:21:33:     sort: [33m1[39m,
2023-10-13 16:21:33:     hyperlink: [32m''[39m,
2023-10-13 16:21:33:     contentImagePath: [32m'https://bd.oogiriinfo.com/home/saved_image/banner/content/imagefile-1696300904205.png'[39m
2023-10-13 16:21:33:   }
2023-10-13 16:21:33: ]
2023-10-13 16:21:33: 🚀 ~ file: footerLayout.jsx:6 ~ FooterLayout ~ pathname: 
2023-10-13 16:43:14: 🚀 ~ file: bannerContents.js:15 ~ getBanners ~ response: [
2023-10-13 16:43:14:   {
2023-10-13 16:43:14:     _id: [32m'651b7f6844f2a4b00d1ee39a'[39m,
2023-10-13 16:43:14:     name: [32m'BLACK JACK大BANNER'[39m,
2023-10-13 16:43:14:     sort: [33m1[39m,
2023-10-13 16:43:14:     hyperlink: [32m''[39m,
2023-10-13 16:43:14:     contentImagePath: [32m'https://bd.oogiriinfo.com/home/saved_image/banner/content/imagefile-1696300904205.png'[39m
2023-10-13 16:43:14:   }
2023-10-13 16:43:14: ]
2023-10-13 16:43:14: 🚀 ~ file: Banner.jsx:15 ~ Banner ~ bannerList: [
2023-10-13 16:43:14:   {
2023-10-13 16:43:14:     _id: [32m'651b7f6844f2a4b00d1ee39a'[39m,
2023-10-13 16:43:14:     name: [32m'BLACK JACK大BANNER'[39m,
2023-10-13 16:43:14:     sort: [33m1[39m,
2023-10-13 16:43:14:     hyperlink: [32m''[39m,
2023-10-13 16:43:14:     contentImagePath: [32m'https://bd.oogiriinfo.com/home/saved_image/banner/content/imagefile-1696300904205.png'[39m
2023-10-13 16:43:14:   }
2023-10-13 16:43:14: ]
2023-10-13 16:43:14: 🚀 ~ file: footerLayout.jsx:6 ~ FooterLayout ~ pathname: 
